Creating model 'se_resnext50_32x4d'
=> [epoch 000] best val mae was improved from 10000.000 to 8.437
=> [epoch 001] best val mae was improved from 8.437 to 7.578
=> [epoch 002] best val mae was not improved from 7.578 (7.865)
=> [epoch 003] best val mae was improved from 7.578 to 7.261
=> [epoch 004] best val mae was improved from 7.261 to 7.201
=> [epoch 005] best val mae was improved from 7.201 to 7.066
=> [epoch 006] best val mae was not improved from 7.066 (7.111)
=> [epoch 007] best val mae was improved from 7.066 to 6.682
=> [epoch 008] best val mae was not improved from 6.682 (7.361)
=> [epoch 009] best val mae was not improved from 6.682 (7.654)
=> [epoch 010] best val mae was not improved from 6.682 (6.968)
=> [epoch 011] best val mae was not improved from 6.682 (6.997)
=> [epoch 012] best val mae was not improved from 6.682 (6.975)
=> [epoch 013] best val mae was not improved from 6.682 (6.731)
=> [epoch 014] best val mae was not improved from 6.682 (6.857)
=> [epoch 015] best val mae was not improved from 6.682 (7.107)
=> [epoch 016] best val mae was not improved from 6.682 (6.993)
=> [epoch 017] best val mae was not improved from 6.682 (6.691)
=> [epoch 018] best val mae was not improved from 6.682 (7.040)
=> [epoch 019] best val mae was not improved from 6.682 (7.162)
=> [epoch 020] best val mae was improved from 6.682 to 6.490
=> [epoch 021] best val mae was improved from 6.490 to 6.424
=> [epoch 022] best val mae was improved from 6.424 to 6.383
=> [epoch 023] best val mae was improved from 6.383 to 6.362
=> [epoch 024] best val mae was improved from 6.362 to 6.354
=> [epoch 025] best val mae was not improved from 6.354 (6.378)
=> [epoch 026] best val mae was not improved from 6.354 (6.399)
=> [epoch 027] best val mae was not improved from 6.354 (6.406)
=> [epoch 028] best val mae was not improved from 6.354 (6.397)
=> [epoch 029] best val mae was not improved from 6.354 (6.429)
=> [epoch 030] best val mae was not improved from 6.354 (6.415)
=> [epoch 031] best val mae was not improved from 6.354 (6.416)
=> [epoch 032] best val mae was not improved from 6.354 (6.446)
=> [epoch 033] best val mae was not improved from 6.354 (6.476)
=> [epoch 034] best val mae was not improved from 6.354 (6.588)
=> [epoch 035] best val mae was not improved from 6.354 (6.536)
=> [epoch 036] best val mae was not improved from 6.354 (6.517)
=> [epoch 037] best val mae was not improved from 6.354 (6.410)
=> [epoch 038] best val mae was not improved from 6.354 (6.404)
=> [epoch 039] best val mae was not improved from 6.354 (6.398)
=> [epoch 040] best val mae was not improved from 6.354 (6.377)
=> [epoch 041] best val mae was not improved from 6.354 (6.369)
=> [epoch 042] best val mae was not improved from 6.354 (6.365)
=> [epoch 043] best val mae was not improved from 6.354 (6.362)
=> [epoch 044] best val mae was not improved from 6.354 (6.362)
=> [epoch 045] best val mae was not improved from 6.354 (6.362)
=> [epoch 046] best val mae was not improved from 6.354 (6.361)
=> [epoch 047] best val mae was not improved from 6.354 (6.361)
=> [epoch 048] best val mae was not improved from 6.354 (6.361)
=> [epoch 049] best val mae was not improved from 6.354 (6.361)
=> [epoch 050] best val mae was not improved from 6.354 (6.362)
=> [epoch 051] best val mae was not improved from 6.354 (6.363)
=> [epoch 052] best val mae was not improved from 6.354 (6.364)
=> [epoch 053] best val mae was not improved from 6.354 (6.367)
=> [epoch 054] best val mae was not improved from 6.354 (6.370)
=> [epoch 055] best val mae was not improved from 6.354 (6.373)
=> [epoch 056] best val mae was not improved from 6.354 (6.377)
=> [epoch 057] best val mae was not improved from 6.354 (6.381)
=> [epoch 058] best val mae was not improved from 6.354 (6.386)
=> [epoch 059] best val mae was not improved from 6.354 (6.390)
=> [epoch 060] best val mae was not improved from 6.354 (6.392)
=> [epoch 061] best val mae was not improved from 6.354 (6.393)
=> [epoch 062] best val mae was not improved from 6.354 (6.395)
=> [epoch 063] best val mae was not improved from 6.354 (6.396)
=> [epoch 064] best val mae was not improved from 6.354 (6.398)
=> [epoch 065] best val mae was not improved from 6.354 (6.400)
=> [epoch 066] best val mae was not improved from 6.354 (6.402)
=> [epoch 067] best val mae was not improved from 6.354 (6.405)
=> [epoch 068] best val mae was not improved from 6.354 (6.408)
=> [epoch 069] best val mae was not improved from 6.354 (6.410)
=> [epoch 070] best val mae was not improved from 6.354 (6.413)
=> [epoch 071] best val mae was not improved from 6.354 (6.416)
=> [epoch 072] best val mae was not improved from 6.354 (6.419)
=> [epoch 073] best val mae was not improved from 6.354 (6.423)
=> [epoch 074] best val mae was not improved from 6.354 (6.426)
=> [epoch 075] best val mae was not improved from 6.354 (6.429)
=> [epoch 076] best val mae was not improved from 6.354 (6.432)
=> [epoch 077] best val mae was not improved from 6.354 (6.435)
=> [epoch 078] best val mae was not improved from 6.354 (6.438)
=> [epoch 079] best val mae was not improved from 6.354 (6.441)
=> [epoch 080] best val mae was not improved from 6.354 (6.442)
=> [epoch 081] best val mae was not improved from 6.354 (6.443)
=> [epoch 082] best val mae was not improved from 6.354 (6.443)
=> [epoch 083] best val mae was not improved from 6.354 (6.444)
=> [epoch 084] best val mae was not improved from 6.354 (6.445)
=> [epoch 085] best val mae was not improved from 6.354 (6.446)
=> [epoch 086] best val mae was not improved from 6.354 (6.447)
=> [epoch 087] best val mae was not improved from 6.354 (6.448)
=> [epoch 088] best val mae was not improved from 6.354 (6.449)
=> [epoch 089] best val mae was not improved from 6.354 (6.449)
=> [epoch 090] best val mae was not improved from 6.354 (6.450)
=> [epoch 091] best val mae was not improved from 6.354 (6.451)
=> [epoch 092] best val mae was not improved from 6.354 (6.452)
=> [epoch 093] best val mae was not improved from 6.354 (6.453)
=> [epoch 094] best val mae was not improved from 6.354 (6.454)
=> [epoch 095] best val mae was not improved from 6.354 (6.455)
=> [epoch 096] best val mae was not improved from 6.354 (6.456)
=> [epoch 097] best val mae was not improved from 6.354 (6.456)
=> [epoch 098] best val mae was not improved from 6.354 (6.457)
=> [epoch 099] best val mae was not improved from 6.354 (6.458)
=> training finished
additional opts: []
best val mae: 6.354
