Creating model 'se_resnext50_32x4d'
=> [epoch 000] best val mae was improved from 10000.000 to 7.376
=> [epoch 001] best val mae was improved from 7.376 to 6.772
=> [epoch 002] best val mae was not improved from 6.772 (7.015)
=> [epoch 003] best val mae was not improved from 6.772 (7.457)
=> [epoch 004] best val mae was not improved from 6.772 (7.153)
=> [epoch 005] best val mae was not improved from 6.772 (6.967)
=> [epoch 006] best val mae was not improved from 6.772 (7.104)
=> [epoch 007] best val mae was improved from 6.772 to 6.534
=> [epoch 008] best val mae was not improved from 6.534 (6.553)
=> [epoch 009] best val mae was not improved from 6.534 (6.678)
=> [epoch 010] best val mae was not improved from 6.534 (6.585)
=> [epoch 011] best val mae was not improved from 6.534 (6.868)
=> [epoch 012] best val mae was not improved from 6.534 (6.784)
=> [epoch 013] best val mae was not improved from 6.534 (6.730)
=> [epoch 014] best val mae was not improved from 6.534 (7.030)
=> [epoch 015] best val mae was not improved from 6.534 (6.759)
=> [epoch 016] best val mae was not improved from 6.534 (6.938)
=> [epoch 017] best val mae was not improved from 6.534 (7.449)
=> [epoch 018] best val mae was not improved from 6.534 (6.772)
=> [epoch 019] best val mae was not improved from 6.534 (6.912)
=> [epoch 020] best val mae was not improved from 6.534 (6.813)
=> [epoch 021] best val mae was not improved from 6.534 (6.842)
=> [epoch 022] best val mae was not improved from 6.534 (6.971)
=> [epoch 023] best val mae was not improved from 6.534 (6.795)
=> [epoch 024] best val mae was not improved from 6.534 (6.887)
=> [epoch 025] best val mae was not improved from 6.534 (7.023)
=> [epoch 026] best val mae was not improved from 6.534 (7.091)
=> [epoch 027] best val mae was not improved from 6.534 (6.931)
=> [epoch 028] best val mae was not improved from 6.534 (7.156)
=> [epoch 029] best val mae was not improved from 6.534 (7.189)
=> [epoch 030] best val mae was not improved from 6.534 (7.088)
=> [epoch 031] best val mae was not improved from 6.534 (6.829)
=> [epoch 032] best val mae was not improved from 6.534 (7.180)
=> [epoch 033] best val mae was not improved from 6.534 (6.957)
=> [epoch 034] best val mae was not improved from 6.534 (6.910)
=> [epoch 035] best val mae was not improved from 6.534 (6.923)
=> [epoch 036] best val mae was not improved from 6.534 (7.070)
=> [epoch 037] best val mae was not improved from 6.534 (6.968)
=> [epoch 038] best val mae was not improved from 6.534 (7.026)
=> [epoch 039] best val mae was not improved from 6.534 (6.962)
=> [epoch 040] best val mae was not improved from 6.534 (6.942)
=> [epoch 041] best val mae was not improved from 6.534 (6.822)
=> [epoch 042] best val mae was not improved from 6.534 (7.017)
=> [epoch 043] best val mae was not improved from 6.534 (6.820)
=> [epoch 044] best val mae was not improved from 6.534 (6.967)
=> [epoch 045] best val mae was not improved from 6.534 (7.409)
=> [epoch 046] best val mae was not improved from 6.534 (6.968)
=> [epoch 047] best val mae was not improved from 6.534 (7.128)
=> [epoch 048] best val mae was not improved from 6.534 (6.929)
=> [epoch 049] best val mae was not improved from 6.534 (7.084)
=> [epoch 050] best val mae was not improved from 6.534 (7.242)
=> [epoch 051] best val mae was not improved from 6.534 (7.193)
=> [epoch 052] best val mae was not improved from 6.534 (7.099)
=> [epoch 053] best val mae was not improved from 6.534 (7.037)
=> [epoch 054] best val mae was not improved from 6.534 (7.226)
=> [epoch 055] best val mae was not improved from 6.534 (7.258)
=> [epoch 056] best val mae was not improved from 6.534 (6.919)
=> [epoch 057] best val mae was not improved from 6.534 (6.990)
=> [epoch 058] best val mae was not improved from 6.534 (7.235)
=> [epoch 059] best val mae was not improved from 6.534 (7.515)
=> [epoch 060] best val mae was not improved from 6.534 (7.043)
=> [epoch 061] best val mae was not improved from 6.534 (7.091)
=> [epoch 062] best val mae was not improved from 6.534 (6.939)
=> [epoch 063] best val mae was not improved from 6.534 (6.972)
=> [epoch 064] best val mae was not improved from 6.534 (7.332)
=> [epoch 065] best val mae was not improved from 6.534 (7.692)
=> [epoch 066] best val mae was not improved from 6.534 (7.074)
=> [epoch 067] best val mae was not improved from 6.534 (6.923)
=> [epoch 068] best val mae was not improved from 6.534 (6.934)
=> [epoch 069] best val mae was not improved from 6.534 (6.901)
=> [epoch 070] best val mae was not improved from 6.534 (6.863)
=> [epoch 071] best val mae was not improved from 6.534 (7.268)
=> [epoch 072] best val mae was not improved from 6.534 (7.273)
=> [epoch 073] best val mae was not improved from 6.534 (7.127)
=> [epoch 074] best val mae was not improved from 6.534 (7.007)
=> [epoch 075] best val mae was not improved from 6.534 (7.031)
=> [epoch 076] best val mae was not improved from 6.534 (6.839)
=> [epoch 077] best val mae was not improved from 6.534 (7.187)
=> [epoch 078] best val mae was not improved from 6.534 (8.054)
=> [epoch 079] best val mae was not improved from 6.534 (7.236)
=> [epoch 080] best val mae was not improved from 6.534 (7.141)
=> [epoch 081] best val mae was not improved from 6.534 (6.950)
=> [epoch 082] best val mae was not improved from 6.534 (6.908)
=> [epoch 083] best val mae was not improved from 6.534 (7.020)
=> [epoch 084] best val mae was not improved from 6.534 (6.929)
=> [epoch 085] best val mae was not improved from 6.534 (7.072)
=> [epoch 086] best val mae was not improved from 6.534 (7.294)
=> [epoch 087] best val mae was not improved from 6.534 (6.940)
=> [epoch 088] best val mae was not improved from 6.534 (6.672)
=> [epoch 089] best val mae was not improved from 6.534 (6.643)
=> [epoch 090] best val mae was not improved from 6.534 (6.742)
=> [epoch 091] best val mae was not improved from 6.534 (6.690)
=> [epoch 092] best val mae was not improved from 6.534 (6.765)
=> [epoch 093] best val mae was not improved from 6.534 (6.807)
=> [epoch 094] best val mae was not improved from 6.534 (7.763)
=> [epoch 095] best val mae was not improved from 6.534 (6.824)
=> [epoch 096] best val mae was not improved from 6.534 (6.799)
=> [epoch 097] best val mae was not improved from 6.534 (6.706)
=> [epoch 098] best val mae was not improved from 6.534 (6.664)
=> [epoch 099] best val mae was not improved from 6.534 (6.671)
=> training finished
additional opts: []
best val mae: 6.534
