Creating model 'se_resnext50_32x4d'
=> [epoch 000] best val mae was improved from 10000.000 to 7.915
=> [epoch 001] best val mae was improved from 7.915 to 6.046
=> [epoch 002] best val mae was not improved from 6.046 (6.085)
=> [epoch 003] best val mae was not improved from 6.046 (7.052)
=> [epoch 004] best val mae was not improved from 6.046 (6.323)
=> [epoch 005] best val mae was not improved from 6.046 (7.194)
=> [epoch 006] best val mae was not improved from 6.046 (6.748)
=> [epoch 007] best val mae was not improved from 6.046 (6.682)
=> [epoch 008] best val mae was not improved from 6.046 (6.351)
=> [epoch 009] best val mae was not improved from 6.046 (6.636)
=> [epoch 010] best val mae was not improved from 6.046 (6.494)
=> [epoch 011] best val mae was improved from 6.046 to 6.010
=> [epoch 012] best val mae was not improved from 6.010 (6.253)
=> [epoch 013] best val mae was not improved from 6.010 (6.325)
=> [epoch 014] best val mae was not improved from 6.010 (6.287)
=> [epoch 015] best val mae was not improved from 6.010 (6.274)
=> [epoch 016] best val mae was not improved from 6.010 (6.407)
=> [epoch 017] best val mae was not improved from 6.010 (6.424)
=> [epoch 018] best val mae was not improved from 6.010 (6.311)
=> [epoch 019] best val mae was not improved from 6.010 (6.176)
=> [epoch 020] best val mae was improved from 6.010 to 5.802
=> [epoch 021] best val mae was improved from 5.802 to 5.732
=> [epoch 022] best val mae was not improved from 5.732 (5.733)
=> [epoch 023] best val mae was improved from 5.732 to 5.723
=> [epoch 024] best val mae was improved from 5.723 to 5.705
=> [epoch 025] best val mae was improved from 5.705 to 5.705
=> [epoch 026] best val mae was not improved from 5.705 (5.728)
=> [epoch 027] best val mae was not improved from 5.705 (5.718)
=> [epoch 028] best val mae was not improved from 5.705 (5.729)
=> [epoch 029] best val mae was not improved from 5.705 (5.725)
=> [epoch 030] best val mae was not improved from 5.705 (5.735)
=> [epoch 031] best val mae was not improved from 5.705 (5.732)
=> [epoch 032] best val mae was not improved from 5.705 (5.741)
=> [epoch 033] best val mae was not improved from 5.705 (5.749)
=> [epoch 034] best val mae was not improved from 5.705 (5.764)
=> [epoch 035] best val mae was not improved from 5.705 (5.768)
=> [epoch 036] best val mae was not improved from 5.705 (5.781)
=> [epoch 037] best val mae was not improved from 5.705 (5.789)
=> [epoch 038] best val mae was not improved from 5.705 (5.799)
=> [epoch 039] best val mae was not improved from 5.705 (5.804)
=> [epoch 040] best val mae was not improved from 5.705 (5.810)
=> [epoch 041] best val mae was not improved from 5.705 (5.812)
=> [epoch 042] best val mae was not improved from 5.705 (5.814)
=> [epoch 043] best val mae was not improved from 5.705 (5.818)
=> [epoch 044] best val mae was not improved from 5.705 (5.819)
=> [epoch 045] best val mae was not improved from 5.705 (5.821)
=> [epoch 046] best val mae was not improved from 5.705 (5.823)
=> [epoch 047] best val mae was not improved from 5.705 (5.828)
=> [epoch 048] best val mae was not improved from 5.705 (5.841)
=> [epoch 049] best val mae was not improved from 5.705 (5.844)
=> [epoch 050] best val mae was not improved from 5.705 (5.849)
=> [epoch 051] best val mae was not improved from 5.705 (5.850)
=> [epoch 052] best val mae was not improved from 5.705 (5.854)
=> [epoch 053] best val mae was not improved from 5.705 (5.859)
=> [epoch 054] best val mae was not improved from 5.705 (5.854)
=> [epoch 055] best val mae was not improved from 5.705 (5.853)
=> [epoch 056] best val mae was not improved from 5.705 (5.866)
=> [epoch 057] best val mae was not improved from 5.705 (5.886)
=> [epoch 058] best val mae was not improved from 5.705 (5.892)
=> [epoch 059] best val mae was not improved from 5.705 (5.884)
=> [epoch 060] best val mae was not improved from 5.705 (5.885)
=> [epoch 061] best val mae was not improved from 5.705 (5.884)
=> [epoch 062] best val mae was not improved from 5.705 (5.885)
=> [epoch 063] best val mae was not improved from 5.705 (5.886)
=> [epoch 064] best val mae was not improved from 5.705 (5.887)
=> [epoch 065] best val mae was not improved from 5.705 (5.888)
=> [epoch 066] best val mae was not improved from 5.705 (5.890)
=> [epoch 067] best val mae was not improved from 5.705 (5.891)
=> [epoch 068] best val mae was not improved from 5.705 (5.893)
=> [epoch 069] best val mae was not improved from 5.705 (5.895)
=> [epoch 070] best val mae was not improved from 5.705 (5.896)
=> [epoch 071] best val mae was not improved from 5.705 (5.897)
=> [epoch 072] best val mae was not improved from 5.705 (5.902)
=> [epoch 073] best val mae was not improved from 5.705 (5.901)
=> [epoch 074] best val mae was not improved from 5.705 (5.904)
=> [epoch 075] best val mae was not improved from 5.705 (5.904)
=> [epoch 076] best val mae was not improved from 5.705 (5.906)
=> [epoch 077] best val mae was not improved from 5.705 (5.907)
=> [epoch 078] best val mae was not improved from 5.705 (5.910)
=> [epoch 079] best val mae was not improved from 5.705 (5.913)
=> [epoch 080] best val mae was not improved from 5.705 (5.913)
=> [epoch 081] best val mae was not improved from 5.705 (5.913)
=> [epoch 082] best val mae was not improved from 5.705 (5.914)
=> [epoch 083] best val mae was not improved from 5.705 (5.914)
=> [epoch 084] best val mae was not improved from 5.705 (5.914)
=> [epoch 085] best val mae was not improved from 5.705 (5.914)
=> [epoch 086] best val mae was not improved from 5.705 (5.915)
=> [epoch 087] best val mae was not improved from 5.705 (5.915)
=> [epoch 088] best val mae was not improved from 5.705 (5.915)
=> [epoch 089] best val mae was not improved from 5.705 (5.916)
=> [epoch 090] best val mae was not improved from 5.705 (5.916)
=> [epoch 091] best val mae was not improved from 5.705 (5.916)
=> [epoch 092] best val mae was not improved from 5.705 (5.917)
=> [epoch 093] best val mae was not improved from 5.705 (5.917)
=> [epoch 094] best val mae was not improved from 5.705 (5.917)
=> [epoch 095] best val mae was not improved from 5.705 (5.918)
=> [epoch 096] best val mae was not improved from 5.705 (5.918)
=> [epoch 097] best val mae was not improved from 5.705 (5.918)
=> [epoch 098] best val mae was not improved from 5.705 (5.919)
=> [epoch 099] best val mae was not improved from 5.705 (5.919)
=> training finished
additional opts: []
best val mae: 5.705
