Creating model 'se_resnext50_32x4d'
=> [epoch 000] best val mae was improved from 10000.000 to 6.553
=> [epoch 001] best val mae was improved from 6.553 to 6.054
=> [epoch 002] best val mae was not improved from 6.054 (6.234)
=> [epoch 003] best val mae was not improved from 6.054 (6.422)
=> [epoch 004] best val mae was improved from 6.054 to 6.022
=> [epoch 005] best val mae was not improved from 6.022 (6.370)
=> [epoch 006] best val mae was not improved from 6.022 (6.486)
=> [epoch 007] best val mae was not improved from 6.022 (6.199)
=> [epoch 008] best val mae was not improved from 6.022 (6.068)
=> [epoch 009] best val mae was not improved from 6.022 (6.559)
=> [epoch 010] best val mae was not improved from 6.022 (6.541)
=> [epoch 011] best val mae was not improved from 6.022 (6.219)
=> [epoch 012] best val mae was not improved from 6.022 (6.342)
=> [epoch 013] best val mae was not improved from 6.022 (6.286)
=> [epoch 014] best val mae was not improved from 6.022 (6.081)
=> [epoch 015] best val mae was not improved from 6.022 (6.171)
=> [epoch 016] best val mae was not improved from 6.022 (6.387)
=> [epoch 017] best val mae was not improved from 6.022 (6.473)
=> [epoch 018] best val mae was not improved from 6.022 (6.254)
=> [epoch 019] best val mae was not improved from 6.022 (6.376)
=> [epoch 020] best val mae was not improved from 6.022 (6.378)
=> [epoch 021] best val mae was not improved from 6.022 (6.197)
=> [epoch 022] best val mae was not improved from 6.022 (6.459)
=> [epoch 023] best val mae was not improved from 6.022 (6.112)
=> [epoch 024] best val mae was not improved from 6.022 (6.299)
=> [epoch 025] best val mae was not improved from 6.022 (6.385)
=> [epoch 026] best val mae was not improved from 6.022 (6.237)
=> [epoch 027] best val mae was not improved from 6.022 (6.166)
=> [epoch 028] best val mae was not improved from 6.022 (6.248)
=> [epoch 029] best val mae was not improved from 6.022 (6.353)
=> [epoch 030] best val mae was not improved from 6.022 (6.233)
=> [epoch 031] best val mae was not improved from 6.022 (6.216)
=> [epoch 032] best val mae was not improved from 6.022 (6.331)
=> [epoch 033] best val mae was not improved from 6.022 (6.338)
=> [epoch 034] best val mae was not improved from 6.022 (6.399)
=> [epoch 035] best val mae was not improved from 6.022 (6.243)
=> [epoch 036] best val mae was not improved from 6.022 (6.184)
=> [epoch 037] best val mae was not improved from 6.022 (6.178)
=> [epoch 038] best val mae was not improved from 6.022 (6.413)
=> [epoch 039] best val mae was not improved from 6.022 (6.380)
=> [epoch 040] best val mae was not improved from 6.022 (6.253)
=> [epoch 041] best val mae was not improved from 6.022 (6.347)
=> [epoch 042] best val mae was not improved from 6.022 (6.326)
=> [epoch 043] best val mae was not improved from 6.022 (6.418)
=> [epoch 044] best val mae was not improved from 6.022 (6.259)
=> [epoch 045] best val mae was not improved from 6.022 (6.312)
=> [epoch 046] best val mae was not improved from 6.022 (6.271)
=> [epoch 047] best val mae was not improved from 6.022 (6.326)
=> [epoch 048] best val mae was not improved from 6.022 (6.451)
=> [epoch 049] best val mae was not improved from 6.022 (6.343)
=> [epoch 050] best val mae was not improved from 6.022 (6.343)
=> [epoch 051] best val mae was not improved from 6.022 (6.229)
=> [epoch 052] best val mae was not improved from 6.022 (6.448)
=> [epoch 053] best val mae was not improved from 6.022 (6.190)
=> [epoch 054] best val mae was not improved from 6.022 (6.296)
=> [epoch 055] best val mae was not improved from 6.022 (6.503)
=> [epoch 056] best val mae was not improved from 6.022 (6.639)
=> [epoch 057] best val mae was not improved from 6.022 (6.451)
=> [epoch 058] best val mae was not improved from 6.022 (6.393)
=> [epoch 059] best val mae was not improved from 6.022 (6.304)
=> [epoch 060] best val mae was not improved from 6.022 (6.224)
=> [epoch 061] best val mae was not improved from 6.022 (6.212)
=> [epoch 062] best val mae was not improved from 6.022 (6.163)
=> [epoch 063] best val mae was not improved from 6.022 (6.632)
=> [epoch 064] best val mae was not improved from 6.022 (6.256)
=> [epoch 065] best val mae was not improved from 6.022 (6.279)
=> [epoch 066] best val mae was not improved from 6.022 (6.328)
=> [epoch 067] best val mae was not improved from 6.022 (6.112)
=> [epoch 068] best val mae was not improved from 6.022 (6.183)
=> [epoch 069] best val mae was not improved from 6.022 (6.199)
=> [epoch 070] best val mae was not improved from 6.022 (6.250)
=> [epoch 071] best val mae was not improved from 6.022 (6.334)
=> [epoch 072] best val mae was not improved from 6.022 (6.824)
=> [epoch 073] best val mae was not improved from 6.022 (6.220)
=> [epoch 074] best val mae was not improved from 6.022 (6.290)
=> [epoch 075] best val mae was not improved from 6.022 (6.180)
=> [epoch 076] best val mae was not improved from 6.022 (6.157)
=> [epoch 077] best val mae was not improved from 6.022 (6.166)
=> [epoch 078] best val mae was not improved from 6.022 (6.221)
=> [epoch 079] best val mae was not improved from 6.022 (6.204)
=> [epoch 080] best val mae was not improved from 6.022 (6.355)
=> [epoch 081] best val mae was not improved from 6.022 (6.351)
=> [epoch 082] best val mae was not improved from 6.022 (6.357)
=> [epoch 083] best val mae was not improved from 6.022 (6.187)
=> [epoch 084] best val mae was not improved from 6.022 (6.145)
=> [epoch 085] best val mae was not improved from 6.022 (6.132)
=> [epoch 086] best val mae was not improved from 6.022 (6.099)
=> [epoch 087] best val mae was not improved from 6.022 (6.129)
=> [epoch 088] best val mae was not improved from 6.022 (6.106)
=> [epoch 089] best val mae was not improved from 6.022 (6.137)
=> [epoch 090] best val mae was not improved from 6.022 (6.155)
=> [epoch 091] best val mae was not improved from 6.022 (6.190)
=> [epoch 092] best val mae was not improved from 6.022 (6.207)
=> [epoch 093] best val mae was not improved from 6.022 (6.515)
=> [epoch 094] best val mae was not improved from 6.022 (6.215)
=> [epoch 095] best val mae was not improved from 6.022 (6.212)
=> [epoch 096] best val mae was not improved from 6.022 (6.060)
=> [epoch 097] best val mae was not improved from 6.022 (6.070)
=> [epoch 098] best val mae was not improved from 6.022 (6.089)
=> [epoch 099] best val mae was not improved from 6.022 (6.123)
=> training finished
additional opts: []
best val mae: 6.022
